2026-01-21 08:51:53,179 - INFO - Project root: /root/hackforge
2026-01-21 08:51:53,179 - INFO - Core path: /root/hackforge/core
2026-01-21 08:51:53,179 - INFO - Docker path: /root/hackforge/docker/orchestrator
2026-01-21 08:51:53,456 - INFO - Orchestrator watching: /root/hackforge/core/generated_machines
2026-01-21 08:51:53,474 - INFO - ✓ All components initialized
INFO:     Started server process [5546]
INFO:     Waiting for application startup.
INFO:     Application startup complete.
INFO:     Uvicorn running on http://0.0.0.0:8000 (Press CTRL+C to quit)
2026-01-21 08:52:02,570 - INFO - Returning 5 machines

============================================================
GENERATOR INITIALIZATION
============================================================
Core directory: /root/hackforge/core
Blueprints directory: /root/hackforge/core/blueprints
Mutations directory: /root/hackforge/core/mutations
Blueprints exists: True
Mutations exists: True
============================================================

  ✓ Loaded blueprint: SQL Injection (category: sql_injection)
  ✓ Loaded blueprint: Path Traversal (category: path_traversal)
  ✓ Loaded blueprint: Command (category: command_inject)
  ✓ Loaded blueprint: Cross-Site Scripting (category: cross_site_scripting)
  ✓ Loaded blueprint: Command Injection (category: command_injection)
  ✓ Loaded mutation: PathTraversalMutation (category: path_traversal)
  ✓ Loaded mutation: CommandInjectionMutation (category: command_injection)
  ✓ Loaded mutation: CrossSiteScriptingMutation (category: cross_site_scripting)
  ✓ Loaded mutation: CommandMutation (category: command_inject)
  ✓ Loaded mutation: SqlInjectionMutation (category: sql_injection)
✓ Loaded 5 blueprints
✓ Loaded 5 mutation engines

Blueprints loaded:
  - sqli_001: SQL Injection (category: sql_injection)
  - path_001: Path Traversal (category: path_traversal)
  - cmdi_002: Command (category: command_inject)
  - xss_001: Cross-Site Scripting (category: cross_site_scripting)
  - cmdi_001: Command Injection (category: command_injection)

Mutation engines loaded:
  - path_traversal: PathTraversalMutation
  - command_injection: CommandInjectionMutation
  - cross_site_scripting: CrossSiteScriptingMutation
  - command_inject: CommandMutation
  - sql_injection: SqlInjectionMutation


╔═══════════════════════════════════════════════════════════╗
║          HACKFORGE WEB API WITH DATABASE                  ║
╚═══════════════════════════════════════════════════════════╝

Starting API server with MongoDB integration...
    
INFO:     127.0.0.1:58002 - "GET /api/machines HTTP/1.1" 200 OK
2026-01-21 08:52:13,295 - INFO - Returning 5 machines
INFO:     127.0.0.1:56978 - "GET /api/machines HTTP/1.1" 200 OK
2026-01-21 08:52:21,492 - INFO - Returning 5 machines
INFO:     127.0.0.1:56984 - "GET /api/machines HTTP/1.1" 200 OK
